<?xml version="1.0" encoding="UTF-8"?>
<!-- Generated by org.testng.reporters.JUnitXMLReporter -->
<testsuite ignored="2" hostname="Sakshi-Chauhans-MacBook-Pro.local" failures="0" tests="3" name="Test" time="88.621" errors="0" timestamp="28 Oct 2020 15:12:15 GMT">
  <testcase classname="scripts.TestValidLogin" name="testValidLogin" time="16.966"/>
  <testcase classname="scripts.TestAddToCart" name="testAddToCart" time="41.018"/>
  <testcase classname="scripts.TestMakePayment" name="testMakePayment" time="4.911"/>
  <testcase classname="generic.BaseTest" name="@BeforeTest openApplication" time="0.0">
    <ignored/>
  </testcase> <!-- @BeforeTest openApplication -->
  <testcase classname="generic.BaseTest" name="@BeforeTest openApplication" time="0.0">
    <ignored/>
  </testcase> <!-- @BeforeTest openApplication -->
</testsuite> <!-- Test -->
