<?xml version="1.0" encoding="UTF-8"?>
<testng-results ignored="2" total="5" passed="3" failed="0" skipped="0">
  <reporter-output>
  </reporter-output>
  <suite started-at="2020-10-28T15:10:41Z" name="Suite" finished-at="2020-10-28T15:12:15Z" duration-ms="93672">
    <groups>
    </groups>
    <test started-at="2020-10-28T15:10:41Z" name="Test" finished-at="2020-10-28T15:12:10Z" duration-ms="88621">
      <class name="scripts.TestAddToCart">
        <test-method signature="testAddToCart()[pri:0, instance:scripts.TestAddToCart@2e3967ea]" started-at="2020-10-28T15:11:24Z" name="testAddToCart" finished-at="2020-10-28T15:12:05Z" duration-ms="41018" status="PASS">
          <reporter-output>
          </reporter-output>
        </test-method> <!-- testAddToCart -->
      </class> <!-- scripts.TestAddToCart -->
      <class name="scripts.TestValidLogin">
        <test-method is-config="true" signature="openApplication()[pri:0, instance:scripts.TestValidLogin@5d534f5d]" started-at="2020-10-28T15:10:41Z" name="openApplication" finished-at="2020-10-28T15:11:07Z" duration-ms="25708" status="PASS">
          <reporter-output>
          </reporter-output>
        </test-method> <!-- openApplication -->
        <test-method signature="testValidLogin()[pri:0, instance:scripts.TestValidLogin@5d534f5d]" started-at="2020-10-28T15:11:07Z" name="testValidLogin" finished-at="2020-10-28T15:11:24Z" duration-ms="16966" status="PASS">
          <reporter-output>
          </reporter-output>
        </test-method> <!-- testValidLogin -->
      </class> <!-- scripts.TestValidLogin -->
      <class name="scripts.TestMakePayment">
        <test-method signature="testMakePayment()[pri:0, instance:scripts.TestMakePayment@70e9c95d]" started-at="2020-10-28T15:12:05Z" name="testMakePayment" finished-at="2020-10-28T15:12:10Z" duration-ms="4911" status="PASS">
          <reporter-output>
          </reporter-output>
        </test-method> <!-- testMakePayment -->
      </class> <!-- scripts.TestMakePayment -->
    </test> <!-- Test -->
    <test started-at="2020-10-28T15:12:15Z" name="Test1" finished-at="2020-10-28T15:12:15Z" duration-ms="2">
    </test> <!-- Test1 -->
  </suite> <!-- Suite -->
</testng-results>
